{"C:\\Users\\shawn\\Projects\\Temple\\project-cookbook-pro\\src\\App.jsx": {"path":"C:\\Users\\shawn\\Projects\\Temple\\project-cookbook-pro\\src\\App.jsx","statementMap":{"0":{"start":{"line":19,"column":2},"end":{"line":79,"column":4}}},"fnMap":{"0":{"name":"App","decl":{"start":{"line":18,"column":9},"end":{"line":18,"column":12}},"loc":{"start":{"line":18,"column":15},"end":{"line":80,"column":1}},"line":18}},"branchMap":{},"s":{"0":0},"f":{"0":0},"b":{}}
,"C:\\Users\\shawn\\Projects\\Temple\\project-cookbook-pro\\src\\index.js": {"path":"C:\\Users\\shawn\\Projects\\Temple\\project-cookbook-pro\\src\\index.js","statementMap":{"0":{"start":{"line":5,"column":13},"end":{"line":5,"column":56}},"1":{"start":{"line":7,"column":0},"end":{"line":11,"column":2}}},"fnMap":{},"branchMap":{},"s":{"0":1,"1":1},"f":{},"b":{},"_coverageSchema":"1a1c01bbd47fc00a2c39e90264f33305004495a9","hash":"0432ad9c3caa983206f2de81c6110b87b11dbdf1"}
,"C:\\Users\\shawn\\Projects\\Temple\\project-cookbook-pro\\src\\components\\side-container\\EmptyCollectionMessage.jsx": {"path":"C:\\Users\\shawn\\Projects\\Temple\\project-cookbook-pro\\src\\components\\side-container\\EmptyCollectionMessage.jsx","statementMap":{"0":{"start":{"line":5,"column":31},"end":{"line":16,"column":1}},"1":{"start":{"line":6,"column":2},"end":{"line":15,"column":4}}},"fnMap":{"0":{"name":"(anonymous_0)","decl":{"start":{"line":5,"column":31},"end":{"line":5,"column":32}},"loc":{"start":{"line":5,"column":61},"end":{"line":16,"column":1}},"line":5}},"branchMap":{"0":{"loc":{"start":{"line":9,"column":7},"end":{"line":13,"column":7}},"type":"binary-expr","locations":[{"start":{"line":9,"column":7},"end":{"line":9,"column":11}},{"start":{"line":10,"column":8},"end":{"line":12,"column":14}}],"line":9}},"s":{"0":1,"1":2},"f":{"0":2},"b":{"0":[2,1]},"_coverageSchema":"1a1c01bbd47fc00a2c39e90264f33305004495a9","hash":"394f360225382367f25194660991a57177a9432a"}
,"C:\\Users\\shawn\\Projects\\Temple\\project-cookbook-pro\\src\\customObjects\\GoalForm.js": {"path":"C:\\Users\\shawn\\Projects\\Temple\\project-cookbook-pro\\src\\customObjects\\GoalForm.js","statementMap":{"0":{"start":{"line":3,"column":4},"end":{"line":7,"column":27}},"1":{"start":{"line":10,"column":4},"end":{"line":20,"column":6}}},"fnMap":{"0":{"name":"(anonymous_0)","decl":{"start":{"line":2,"column":2},"end":{"line":2,"column":3}},"loc":{"start":{"line":2,"column":52},"end":{"line":8,"column":3}},"line":2},"1":{"name":"(anonymous_1)","decl":{"start":{"line":9,"column":2},"end":{"line":9,"column":3}},"loc":{"start":{"line":9,"column":13},"end":{"line":21,"column":3}},"line":9}},"branchMap":{},"s":{"0":2,"1":1},"f":{"0":2,"1":1},"b":{},"_coverageSchema":"1a1c01bbd47fc00a2c39e90264f33305004495a9","hash":"063c564e43cf55573a8001025c8d7a793322b669"}
,"C:\\Users\\shawn\\Projects\\Temple\\project-cookbook-pro\\src\\customObjects\\Ingredient.js": {"path":"C:\\Users\\shawn\\Projects\\Temple\\project-cookbook-pro\\src\\customObjects\\Ingredient.js","statementMap":{"0":{"start":{"line":3,"column":4},"end":{"line":7,"column":29}},"1":{"start":{"line":10,"column":4},"end":{"line":10,"column":78}}},"fnMap":{"0":{"name":"(anonymous_0)","decl":{"start":{"line":2,"column":2},"end":{"line":2,"column":3}},"loc":{"start":{"line":2,"column":38},"end":{"line":8,"column":3}},"line":2},"1":{"name":"(anonymous_1)","decl":{"start":{"line":9,"column":2},"end":{"line":9,"column":3}},"loc":{"start":{"line":9,"column":13},"end":{"line":11,"column":3}},"line":9}},"branchMap":{},"s":{"0":2,"1":1},"f":{"0":2,"1":1},"b":{},"_coverageSchema":"1a1c01bbd47fc00a2c39e90264f33305004495a9","hash":"50c789a9f999c6567d74ad819de99f8f75c6c941"}
,"C:\\Users\\shawn\\Projects\\Temple\\project-cookbook-pro\\src\\customObjects\\Plan.js": {"path":"C:\\Users\\shawn\\Projects\\Temple\\project-cookbook-pro\\src\\customObjects\\Plan.js","statementMap":{"0":{"start":{"line":3,"column":4},"end":{"line":3,"column":21}},"1":{"start":{"line":4,"column":4},"end":{"line":4,"column":23}},"2":{"start":{"line":8,"column":4},"end":{"line":8,"column":77}},"3":{"start":{"line":8,"column":55},"end":{"line":8,"column":64}}},"fnMap":{"0":{"name":"(anonymous_0)","decl":{"start":{"line":2,"column":2},"end":{"line":2,"column":3}},"loc":{"start":{"line":2,"column":27},"end":{"line":5,"column":3}},"line":2},"1":{"name":"(anonymous_1)","decl":{"start":{"line":7,"column":2},"end":{"line":7,"column":3}},"loc":{"start":{"line":7,"column":13},"end":{"line":9,"column":3}},"line":7},"2":{"name":"(anonymous_2)","decl":{"start":{"line":8,"column":45},"end":{"line":8,"column":46}},"loc":{"start":{"line":8,"column":55},"end":{"line":8,"column":64}},"line":8}},"branchMap":{},"s":{"0":2,"1":2,"2":1,"3":3},"f":{"0":2,"1":1,"2":3},"b":{},"_coverageSchema":"1a1c01bbd47fc00a2c39e90264f33305004495a9","hash":"13077c468be21582bed0616b03390cfa78099074"}
,"C:\\Users\\shawn\\Projects\\Temple\\project-cookbook-pro\\src\\customObjects\\Recipe.js": {"path":"C:\\Users\\shawn\\Projects\\Temple\\project-cookbook-pro\\src\\customObjects\\Recipe.js","statementMap":{"0":{"start":{"line":13,"column":4},"end":{"line":13,"column":27}},"1":{"start":{"line":14,"column":4},"end":{"line":14,"column":29}},"2":{"start":{"line":15,"column":4},"end":{"line":15,"column":17}},"3":{"start":{"line":16,"column":4},"end":{"line":16,"column":23}},"4":{"start":{"line":17,"column":4},"end":{"line":17,"column":35}},"5":{"start":{"line":18,"column":4},"end":{"line":18,"column":37}},"6":{"start":{"line":19,"column":4},"end":{"line":19,"column":21}},"7":{"start":{"line":20,"column":4},"end":{"line":20,"column":29}},"8":{"start":{"line":21,"column":4},"end":{"line":21,"column":27}},"9":{"start":{"line":22,"column":4},"end":{"line":22,"column":25}},"10":{"start":{"line":25,"column":4},"end":{"line":43,"column":6}}},"fnMap":{"0":{"name":"(anonymous_0)","decl":{"start":{"line":2,"column":2},"end":{"line":2,"column":3}},"loc":{"start":{"line":12,"column":4},"end":{"line":23,"column":3}},"line":12},"1":{"name":"(anonymous_1)","decl":{"start":{"line":24,"column":2},"end":{"line":24,"column":3}},"loc":{"start":{"line":24,"column":13},"end":{"line":44,"column":3}},"line":24}},"branchMap":{},"s":{"0":3,"1":3,"2":3,"3":3,"4":3,"5":3,"6":3,"7":3,"8":3,"9":3,"10":1},"f":{"0":3,"1":1},"b":{},"_coverageSchema":"1a1c01bbd47fc00a2c39e90264f33305004495a9","hash":"941afda8371d2f93f5ede504c063955f45cf7f6c"}
,"C:\\Users\\shawn\\Projects\\Temple\\project-cookbook-pro\\src\\pages\\calendar\\components\\NutritionModal.jsx": {"path":"C:\\Users\\shawn\\Projects\\Temple\\project-cookbook-pro\\src\\pages\\calendar\\components\\NutritionModal.jsx","statementMap":{"0":{"start":{"line":5,"column":23},"end":{"line":24,"column":1}},"1":{"start":{"line":6,"column":2},"end":{"line":23,"column":4}}},"fnMap":{"0":{"name":"(anonymous_0)","decl":{"start":{"line":5,"column":23},"end":{"line":5,"column":24}},"loc":{"start":{"line":5,"column":51},"end":{"line":24,"column":1}},"line":5}},"branchMap":{},"s":{"0":1,"1":3},"f":{"0":3},"b":{},"_coverageSchema":"1a1c01bbd47fc00a2c39e90264f33305004495a9","hash":"18d7bd2c2fb70f31776021a6c1e045b2a04b9185"}
,"C:\\Users\\shawn\\Projects\\Temple\\project-cookbook-pro\\src\\pages\\create-recipe\\components\\IngredientSearch.jsx": {"path":"C:\\Users\\shawn\\Projects\\Temple\\project-cookbook-pro\\src\\pages\\create-recipe\\components\\IngredientSearch.jsx","statementMap":{"0":{"start":{"line":5,"column":25},"end":{"line":40,"column":1}},"1":{"start":{"line":6,"column":40},"end":{"line":6,"column":52}},"2":{"start":{"line":7,"column":40},"end":{"line":7,"column":52}},"3":{"start":{"line":9,"column":26},"end":{"line":9,"column":47}},"4":{"start":{"line":11,"column":23},"end":{"line":21,"column":3}},"5":{"start":{"line":12,"column":4},"end":{"line":20,"column":5}},"6":{"start":{"line":13,"column":26},"end":{"line":16,"column":7}},"7":{"start":{"line":17,"column":6},"end":{"line":17,"column":30}},"8":{"start":{"line":19,"column":6},"end":{"line":19,"column":63}},"9":{"start":{"line":23,"column":2},"end":{"line":39,"column":4}},"10":{"start":{"line":28,"column":25},"end":{"line":28,"column":55}},"11":{"start":{"line":33,"column":10},"end":{"line":35,"column":15}}},"fnMap":{"0":{"name":"(anonymous_0)","decl":{"start":{"line":5,"column":25},"end":{"line":5,"column":26}},"loc":{"start":{"line":5,"column":31},"end":{"line":40,"column":1}},"line":5},"1":{"name":"(anonymous_1)","decl":{"start":{"line":11,"column":23},"end":{"line":11,"column":24}},"loc":{"start":{"line":11,"column":35},"end":{"line":21,"column":3}},"line":11},"2":{"name":"(anonymous_2)","decl":{"start":{"line":28,"column":18},"end":{"line":28,"column":19}},"loc":{"start":{"line":28,"column":25},"end":{"line":28,"column":55}},"line":28},"3":{"name":"(anonymous_3)","decl":{"start":{"line":32,"column":25},"end":{"line":32,"column":26}},"loc":{"start":{"line":33,"column":10},"end":{"line":35,"column":15}},"line":33}},"branchMap":{},"s":{"0":1,"1":5,"2":5,"3":5,"4":5,"5":1,"6":1,"7":1,"8":0,"9":5,"10":1,"11":2},"f":{"0":5,"1":1,"2":1,"3":2},"b":{},"_coverageSchema":"1a1c01bbd47fc00a2c39e90264f33305004495a9","hash":"3d64e73edf0c5498ea0051a7d5aa1e7e35190888"}
,"C:\\Users\\shawn\\Projects\\Temple\\project-cookbook-pro\\src\\pages\\create-recipe\\components\\MappedInputFieldsForm.jsx": {"path":"C:\\Users\\shawn\\Projects\\Temple\\project-cookbook-pro\\src\\pages\\create-recipe\\components\\MappedInputFieldsForm.jsx","statementMap":{"0":{"start":{"line":4,"column":30},"end":{"line":24,"column":1}},"1":{"start":{"line":5,"column":2},"end":{"line":23,"column":4}},"2":{"start":{"line":8,"column":8},"end":{"line":20,"column":14}}},"fnMap":{"0":{"name":"(anonymous_0)","decl":{"start":{"line":4,"column":30},"end":{"line":4,"column":31}},"loc":{"start":{"line":4,"column":66},"end":{"line":24,"column":1}},"line":4},"1":{"name":"(anonymous_1)","decl":{"start":{"line":7,"column":18},"end":{"line":7,"column":19}},"loc":{"start":{"line":8,"column":8},"end":{"line":20,"column":14}},"line":8}},"branchMap":{"0":{"loc":{"start":{"line":15,"column":19},"end":{"line":15,"column":45}},"type":"binary-expr","locations":[{"start":{"line":15,"column":19},"end":{"line":15,"column":39}},{"start":{"line":15,"column":43},"end":{"line":15,"column":45}}],"line":15}},"s":{"0":1,"1":4,"2":8},"f":{"0":4,"1":8},"b":{"0":[8,2]},"_coverageSchema":"1a1c01bbd47fc00a2c39e90264f33305004495a9","hash":"51e9c15d4ab52252e3229348359fa59d9b02eeab"}
,"C:\\Users\\shawn\\Projects\\Temple\\project-cookbook-pro\\src\\utils\\MealDataManager.js": {"path":"C:\\Users\\shawn\\Projects\\Temple\\project-cookbook-pro\\src\\utils\\MealDataManager.js","statementMap":{"0":{"start":{"line":10,"column":4},"end":{"line":10,"column":73}},"1":{"start":{"line":11,"column":4},"end":{"line":11,"column":68}},"2":{"start":{"line":21,"column":24},"end":{"line":21,"column":45}},"3":{"start":{"line":28,"column":4},"end":{"line":28,"column":54}},"4":{"start":{"line":29,"column":4},"end":{"line":29,"column":39}},"5":{"start":{"line":30,"column":4},"end":{"line":30,"column":53}},"6":{"start":{"line":31,"column":4},"end":{"line":31,"column":41}},"7":{"start":{"line":32,"column":4},"end":{"line":32,"column":37}},"8":{"start":{"line":33,"column":4},"end":{"line":33,"column":48}},"9":{"start":{"line":35,"column":20},"end":{"line":37,"column":46}},"10":{"start":{"line":44,"column":4},"end":{"line":84,"column":5}},"11":{"start":{"line":45,"column":23},"end":{"line":45,"column":43}},"12":{"start":{"line":47,"column":19},"end":{"line":47,"column":40}},"13":{"start":{"line":48,"column":32},"end":{"line":74,"column":8}},"14":{"start":{"line":50,"column":34},"end":{"line":60,"column":14}},"15":{"start":{"line":52,"column":26},"end":{"line":57,"column":15}},"16":{"start":{"line":58,"column":14},"end":{"line":58,"column":25}},"17":{"start":{"line":62,"column":29},"end":{"line":72,"column":9}},"18":{"start":{"line":73,"column":8},"end":{"line":73,"column":28}},"19":{"start":{"line":77,"column":6},"end":{"line":80,"column":8}},"20":{"start":{"line":82,"column":6},"end":{"line":82,"column":58}},"21":{"start":{"line":83,"column":6},"end":{"line":83,"column":18}},"22":{"start":{"line":88,"column":25},"end":{"line":92,"column":6}},"23":{"start":{"line":94,"column":16},"end":{"line":94,"column":96}},"24":{"start":{"line":96,"column":4},"end":{"line":111,"column":5}},"25":{"start":{"line":97,"column":23},"end":{"line":97,"column":39}},"26":{"start":{"line":98,"column":19},"end":{"line":98,"column":40}},"27":{"start":{"line":100,"column":28},"end":{"line":102,"column":8}},"28":{"start":{"line":101,"column":8},"end":{"line":101,"column":80}},"29":{"start":{"line":104,"column":6},"end":{"line":107,"column":8}},"30":{"start":{"line":109,"column":6},"end":{"line":109,"column":63}},"31":{"start":{"line":110,"column":6},"end":{"line":110,"column":18}}},"fnMap":{"0":{"name":"(anonymous_0)","decl":{"start":{"line":8,"column":2},"end":{"line":8,"column":3}},"loc":{"start":{"line":8,"column":16},"end":{"line":12,"column":3}},"line":8},"1":{"name":"(anonymous_1)","decl":{"start":{"line":20,"column":2},"end":{"line":20,"column":3}},"loc":{"start":{"line":20,"column":50},"end":{"line":85,"column":3}},"line":20},"2":{"name":"(anonymous_2)","decl":{"start":{"line":48,"column":49},"end":{"line":48,"column":50}},"loc":{"start":{"line":48,"column":61},"end":{"line":74,"column":7}},"line":48},"3":{"name":"(anonymous_3)","decl":{"start":{"line":51,"column":43},"end":{"line":51,"column":44}},"loc":{"start":{"line":51,"column":59},"end":{"line":59,"column":13}},"line":51},"4":{"name":"(anonymous_4)","decl":{"start":{"line":87,"column":2},"end":{"line":87,"column":3}},"loc":{"start":{"line":87,"column":46},"end":{"line":112,"column":3}},"line":87},"5":{"name":"(anonymous_5)","decl":{"start":{"line":100,"column":45},"end":{"line":100,"column":46}},"loc":{"start":{"line":100,"column":57},"end":{"line":102,"column":7}},"line":100}},"branchMap":{"0":{"loc":{"start":{"line":50,"column":34},"end":{"line":60,"column":14}},"type":"cond-expr","locations":[{"start":{"line":51,"column":12},"end":{"line":59,"column":14}},{"start":{"line":60,"column":12},"end":{"line":60,"column":14}}],"line":50},"1":{"loc":{"start":{"line":55,"column":16},"end":{"line":55,"column":77}},"type":"cond-expr","locations":[{"start":{"line":55,"column":39},"end":{"line":55,"column":59}},{"start":{"line":55,"column":62},"end":{"line":55,"column":77}}],"line":55},"2":{"loc":{"start":{"line":63,"column":10},"end":{"line":63,"column":31}},"type":"binary-expr","locations":[{"start":{"line":63,"column":10},"end":{"line":63,"column":25}},{"start":{"line":63,"column":29},"end":{"line":63,"column":31}}],"line":63},"3":{"loc":{"start":{"line":64,"column":10},"end":{"line":64,"column":32}},"type":"binary-expr","locations":[{"start":{"line":64,"column":10},"end":{"line":64,"column":26}},{"start":{"line":64,"column":30},"end":{"line":64,"column":32}}],"line":64},"4":{"loc":{"start":{"line":68,"column":10},"end":{"line":68,"column":43}},"type":"binary-expr","locations":[{"start":{"line":68,"column":10},"end":{"line":68,"column":37}},{"start":{"line":68,"column":41},"end":{"line":68,"column":43}}],"line":68},"5":{"loc":{"start":{"line":87,"column":33},"end":{"line":87,"column":44}},"type":"default-arg","locations":[{"start":{"line":87,"column":42},"end":{"line":87,"column":44}}],"line":87}},"s":{"0":6,"1":6,"2":3,"3":3,"4":3,"5":3,"6":3,"7":3,"8":3,"9":3,"10":3,"11":3,"12":2,"13":2,"14":2,"15":2,"16":2,"17":2,"18":2,"19":2,"20":1,"21":1,"22":3,"23":3,"24":3,"25":3,"26":2,"27":2,"28":3,"29":2,"30":1,"31":1},"f":{"0":6,"1":3,"2":2,"3":2,"4":3,"5":3},"b":{"0":[1,1],"1":[0,2],"2":[2,1],"3":[2,1],"4":[2,1],"5":[3]},"_coverageSchema":"1a1c01bbd47fc00a2c39e90264f33305004495a9","hash":"879f94f4547c22648afeb3069568b2d6df60b729"}
}
