{"C:\\Users\\shawn\\Projects\\Temple\\project-cookbook-pro\\src\\pages\\recommendations\\components\\GeneratedMealCard.jsx": {"path":"C:\\Users\\shawn\\Projects\\Temple\\project-cookbook-pro\\src\\pages\\recommendations\\components\\GeneratedMealCard.jsx","statementMap":{"0":{"start":{"line":6,"column":26},"end":{"line":80,"column":1}},"1":{"start":{"line":7,"column":42},"end":{"line":7,"column":56}},"2":{"start":{"line":8,"column":34},"end":{"line":8,"column":48}},"3":{"start":{"line":9,"column":40},"end":{"line":9,"column":55}},"4":{"start":{"line":11,"column":22},"end":{"line":11,"column":56}},"5":{"start":{"line":11,"column":28},"end":{"line":11,"column":56}},"6":{"start":{"line":14,"column":4},"end":{"line":16,"column":13}},"7":{"start":{"line":14,"column":45},"end":{"line":14,"column":66}},"8":{"start":{"line":19,"column":29},"end":{"line":36,"column":3}},"9":{"start":{"line":20,"column":4},"end":{"line":35,"column":5}},"10":{"start":{"line":21,"column":21},"end":{"line":24,"column":8}},"11":{"start":{"line":25,"column":23},"end":{"line":30,"column":8}},"12":{"start":{"line":31,"column":6},"end":{"line":31,"column":40}},"13":{"start":{"line":32,"column":6},"end":{"line":32,"column":73}},"14":{"start":{"line":34,"column":6},"end":{"line":34,"column":54}},"15":{"start":{"line":38,"column":2},"end":{"line":79,"column":4}},"16":{"start":{"line":62,"column":76},"end":{"line":62,"column":106}}},"fnMap":{"0":{"name":"(anonymous_0)","decl":{"start":{"line":6,"column":26},"end":{"line":6,"column":27}},"loc":{"start":{"line":6,"column":42},"end":{"line":80,"column":1}},"line":6},"1":{"name":"(anonymous_1)","decl":{"start":{"line":11,"column":22},"end":{"line":11,"column":23}},"loc":{"start":{"line":11,"column":28},"end":{"line":11,"column":56}},"line":11},"2":{"name":"(anonymous_2)","decl":{"start":{"line":14,"column":39},"end":{"line":14,"column":40}},"loc":{"start":{"line":14,"column":45},"end":{"line":14,"column":66}},"line":14},"3":{"name":"(anonymous_3)","decl":{"start":{"line":19,"column":29},"end":{"line":19,"column":30}},"loc":{"start":{"line":19,"column":41},"end":{"line":36,"column":3}},"line":19},"4":{"name":"(anonymous_4)","decl":{"start":{"line":62,"column":70},"end":{"line":62,"column":71}},"loc":{"start":{"line":62,"column":76},"end":{"line":62,"column":106}},"line":62}},"branchMap":{"0":{"loc":{"start":{"line":49,"column":9},"end":{"line":59,"column":9}},"type":"binary-expr","locations":[{"start":{"line":49,"column":9},"end":{"line":49,"column":17}},{"start":{"line":50,"column":10},"end":{"line":58,"column":13}}],"line":49},"1":{"loc":{"start":{"line":70,"column":9},"end":{"line":76,"column":9}},"type":"binary-expr","locations":[{"start":{"line":70,"column":9},"end":{"line":70,"column":21}},{"start":{"line":71,"column":10},"end":{"line":75,"column":12}}],"line":70}},"s":{"0":1,"1":8,"2":8,"3":8,"4":8,"5":0,"6":8,"7":0,"8":8,"9":3,"10":3,"11":0,"12":0,"13":0,"14":3,"15":8,"16":2},"f":{"0":8,"1":0,"2":0,"3":3,"4":2},"b":{"0":[8,0],"1":[8,2]},"_coverageSchema":"1a1c01bbd47fc00a2c39e90264f33305004495a9","hash":"9771a172d00f20eca39a6798425017ee03ebca61"}
,"C:\\Users\\shawn\\Projects\\Temple\\project-cookbook-pro\\src\\pages\\recommendations\\components\\GeneratedRecipeItem.jsx": {"path":"C:\\Users\\shawn\\Projects\\Temple\\project-cookbook-pro\\src\\pages\\recommendations\\components\\GeneratedRecipeItem.jsx","statementMap":{"0":{"start":{"line":3,"column":28},"end":{"line":26,"column":1}},"1":{"start":{"line":4,"column":2},"end":{"line":25,"column":4}},"2":{"start":{"line":20,"column":6},"end":{"line":20,"column":70}}},"fnMap":{"0":{"name":"(anonymous_0)","decl":{"start":{"line":3,"column":28},"end":{"line":3,"column":29}},"loc":{"start":{"line":3,"column":44},"end":{"line":26,"column":1}},"line":3},"1":{"name":"(anonymous_1)","decl":{"start":{"line":19,"column":4},"end":{"line":19,"column":5}},"loc":{"start":{"line":20,"column":6},"end":{"line":20,"column":70}},"line":20}},"branchMap":{},"s":{"0":1,"1":1,"2":2},"f":{"0":1,"1":2},"b":{},"_coverageSchema":"1a1c01bbd47fc00a2c39e90264f33305004495a9","hash":"d9dd649051739281a3d071886a91a2cbbdfb4c81"}
,"C:\\Users\\shawn\\Projects\\Temple\\project-cookbook-pro\\src\\pages\\recommendations\\components\\GptResponseRenderer.jsx": {"path":"C:\\Users\\shawn\\Projects\\Temple\\project-cookbook-pro\\src\\pages\\recommendations\\components\\GptResponseRenderer.jsx","statementMap":{"0":{"start":{"line":4,"column":28},"end":{"line":23,"column":1}},"1":{"start":{"line":5,"column":2},"end":{"line":22,"column":4}},"2":{"start":{"line":18,"column":12},"end":{"line":18,"column":61}}},"fnMap":{"0":{"name":"(anonymous_0)","decl":{"start":{"line":4,"column":28},"end":{"line":4,"column":29}},"loc":{"start":{"line":4,"column":55},"end":{"line":23,"column":1}},"line":4},"1":{"name":"(anonymous_1)","decl":{"start":{"line":17,"column":31},"end":{"line":17,"column":32}},"loc":{"start":{"line":18,"column":12},"end":{"line":18,"column":61}},"line":18}},"branchMap":{"0":{"loc":{"start":{"line":11,"column":9},"end":{"line":15,"column":9}},"type":"binary-expr","locations":[{"start":{"line":11,"column":9},"end":{"line":11,"column":16}},{"start":{"line":12,"column":10},"end":{"line":14,"column":16}}],"line":11},"1":{"loc":{"start":{"line":16,"column":9},"end":{"line":19,"column":12}},"type":"binary-expr","locations":[{"start":{"line":16,"column":9},"end":{"line":16,"column":41}},{"start":{"line":17,"column":10},"end":{"line":19,"column":12}}],"line":16}},"s":{"0":1,"1":3,"2":2},"f":{"0":3,"1":2},"b":{"0":[3,1],"1":[3,1]},"_coverageSchema":"1a1c01bbd47fc00a2c39e90264f33305004495a9","hash":"1aa9f939809709d0eaf768dcd52d6fb0c6497fc6"}
}
