TN:
SF:src\components\RecipeDetails.jsx
FN:16,(anonymous_0)
FN:34,(anonymous_1)
FN:39,(anonymous_2)
FNF:3
FNH:3
FNDA:3,(anonymous_0)
FNDA:12,(anonymous_1)
FNDA:6,(anonymous_2)
DA:16,1
DA:17,3
DA:18,3
DA:19,3
DA:20,3
DA:21,3
DA:23,3
DA:35,12
DA:40,6
LF:9
LH:9
BRDA:35,0,0,3
BRDA:35,0,1,9
BRF:2
BRH:2
end_of_record
TN:
SF:src\customObjects\Ingredient.js
FN:2,(anonymous_0)
FN:9,(anonymous_1)
FNF:2
FNH:2
FNDA:2,(anonymous_0)
FNDA:1,(anonymous_1)
DA:3,2
DA:10,1
LF:2
LH:2
BRF:0
BRH:0
end_of_record
TN:
SF:src\customObjects\Recipe.js
FN:2,(anonymous_0)
FN:24,(anonymous_1)
FNF:2
FNH:2
FNDA:2,(anonymous_0)
FNDA:1,(anonymous_1)
DA:13,2
DA:14,2
DA:15,2
DA:16,2
DA:17,2
DA:18,2
DA:19,2
DA:20,2
DA:21,2
DA:22,2
DA:25,1
LF:11
LH:11
BRF:0
BRH:0
end_of_record
TN:
SF:src\utils\MealDataManager.js
FN:8,(anonymous_0)
FN:20,(anonymous_1)
FN:48,(anonymous_2)
FN:51,(anonymous_3)
FN:87,(anonymous_4)
FN:100,(anonymous_5)
FNF:6
FNH:6
FNDA:6,(anonymous_0)
FNDA:3,(anonymous_1)
FNDA:2,(anonymous_2)
FNDA:2,(anonymous_3)
FNDA:3,(anonymous_4)
FNDA:3,(anonymous_5)
DA:10,6
DA:11,6
DA:21,3
DA:28,3
DA:29,3
DA:30,3
DA:31,3
DA:32,3
DA:33,3
DA:35,3
DA:44,3
DA:45,3
DA:47,2
DA:48,2
DA:50,2
DA:52,2
DA:58,2
DA:62,2
DA:73,2
DA:77,2
DA:82,1
DA:83,1
DA:88,3
DA:94,3
DA:96,3
DA:97,3
DA:98,2
DA:100,2
DA:101,3
DA:104,2
DA:109,1
DA:110,1
LF:32
LH:32
BRDA:50,0,0,1
BRDA:50,0,1,1
BRDA:55,1,0,0
BRDA:55,1,1,2
BRDA:63,2,0,2
BRDA:63,2,1,1
BRDA:64,3,0,2
BRDA:64,3,1,1
BRDA:68,4,0,2
BRDA:68,4,1,1
BRDA:87,5,0,3
BRF:11
BRH:10
end_of_record
