TN:
SF:src\pages\recommendations\components\GeneratedMealCard.jsx
FN:6,(anonymous_0)
FN:11,(anonymous_1)
FN:14,(anonymous_2)
FN:19,(anonymous_3)
FN:62,(anonymous_4)
FNF:5
FNH:3
FNDA:8,(anonymous_0)
FNDA:0,(anonymous_1)
FNDA:0,(anonymous_2)
FNDA:3,(anonymous_3)
FNDA:2,(anonymous_4)
DA:6,1
DA:7,8
DA:8,8
DA:9,8
DA:11,8
DA:14,8
DA:19,8
DA:20,3
DA:21,3
DA:25,0
DA:31,0
DA:32,0
DA:34,3
DA:38,8
DA:62,2
LF:15
LH:12
BRDA:49,0,0,8
BRDA:49,0,1,0
BRDA:70,1,0,8
BRDA:70,1,1,2
BRF:4
BRH:3
end_of_record
TN:
SF:src\pages\recommendations\components\GeneratedRecipeItem.jsx
FN:3,(anonymous_0)
FN:19,(anonymous_1)
FNF:2
FNH:2
FNDA:1,(anonymous_0)
FNDA:2,(anonymous_1)
DA:3,1
DA:4,1
DA:20,2
LF:3
LH:3
BRF:0
BRH:0
end_of_record
TN:
SF:src\pages\recommendations\components\GptResponseRenderer.jsx
FN:4,(anonymous_0)
FN:17,(anonymous_1)
FNF:2
FNH:2
FNDA:3,(anonymous_0)
FNDA:2,(anonymous_1)
DA:4,1
DA:5,3
DA:18,2
LF:3
LH:3
BRDA:11,0,0,3
BRDA:11,0,1,1
BRDA:16,1,0,3
BRDA:16,1,1,1
BRF:4
BRH:4
end_of_record
